<?xml version="1.0" encoding="UTF-8"?>
<testng-results ignored="0" total="1" passed="1" failed="0" skipped="0">
  <reporter-output>
    <line>
      <![CDATA[createcustomer]]>
    </line>
  </reporter-output>
  <suite started-at="2023-04-19T08:34:26Z" name="Suite" finished-at="2023-04-19T08:34:26Z" duration-ms="61">
    <groups>
    </groups>
    <test started-at="2023-04-19T08:34:26Z" name="Test" finished-at="2023-04-19T08:34:26Z" duration-ms="61">
      <class name="com.mvnAutomation.testscript.CustomerModule">
        <test-method signature="CreateCustomer()[pri:0, instance:com.mvnAutomation.testscript.CustomerModule@76a4ebf2]" started-at="2023-04-19T08:34:26Z" name="CreateCustomer" finished-at="2023-04-19T08:34:26Z" duration-ms="21" status="PASS">
          <reporter-output>
            <line>
              <![CDATA[createcustomer]]>
            </line>
          </reporter-output>
        </test-method> <!-- CreateCustomer -->
      </class> <!-- com.mvnAutomation.testscript.CustomerModule -->
    </test> <!-- Test -->
  </suite> <!-- Suite -->
</testng-results>
