<?xml version="1.0" encoding="UTF-8"?>
<testng-results ignored="0" total="1" passed="1" failed="0" skipped="0">
  <reporter-output>
    <line>
      <![CDATA[createcustomer]]>
    </line>
  </reporter-output>
  <suite started-at="2023-04-18T13:22:57Z" name="Suite" finished-at="2023-04-18T13:22:57Z" duration-ms="35">
    <groups>
    </groups>
    <test started-at="2023-04-18T13:22:57Z" name="Test" finished-at="2023-04-18T13:22:57Z" duration-ms="35">
      <class name="com.mvnAutomation.testscript.CustomerModule">
        <test-method signature="CreateCustomer()[pri:0, instance:com.mvnAutomation.testscript.CustomerModule@25fb8912]" started-at="2023-04-18T13:22:57Z" name="CreateCustomer" finished-at="2023-04-18T13:22:57Z" duration-ms="8" status="PASS">
          <reporter-output>
            <line>
              <![CDATA[createcustomer]]>
            </line>
          </reporter-output>
        </test-method> <!-- CreateCustomer -->
      </class> <!-- com.mvnAutomation.testscript.CustomerModule -->
    </test> <!-- Test -->
  </suite> <!-- Suite -->
</testng-results>
